{"level":"error","message":{"name":"error","length":111,"severity":"ERROR","code":"22P02","file":"float.c","line":"462","routine":"float8in_internal"}}
{"level":"error","message":{"message":{"info":"addProject failed!","req":{"projectName":"南京银城广场","area":"341.70","position":"南京","type":"office","beginTime":"1514736000000","hotYear":"1483200000000","coldYear":"null"}},"err":{}}}
{"level":"error","message":{"message":{"info":"addProject failed!","req":{"projectName":"fdfd","area":"ddd","position":"d","type":"f","beginTime":"1514736000000","hotYear":"null","coldYear":"null"}},"err":{"name":"error","length":114,"severity":"ERROR","code":"22P02","file":"float.c","line":"545","routine":"float8in_internal"}}}
{"level":"error","message":{"message":{"info":"addProject failed!","req":{"projectName":"fdfd","area":"ddd","position":"d","type":"f","beginTime":"1514736000000","hotYear":"null","coldYear":"null"}},"err":{"name":"error","length":114,"severity":"ERROR","code":"22P02","file":"float.c","line":"545","routine":"float8in_internal"}}}
{"level":"error","message":{"message":{"info":"addProject failed!","req":{"projectName":"fdfd","area":"ddd","position":"d","type":"f","beginTime":"1514736000000","hotYear":"null","coldYear":"null"}},"err":{"name":"error","length":114,"severity":"ERROR","code":"22P02","file":"float.c","line":"545","routine":"float8in_internal"}}}
{"level":"error","message":{"message":{"info":"addProject failed!","req":{"projectName":"fdfd","area":"ddd","position":"d","type":"f","beginTime":"1514736000000","hotYear":"null","coldYear":"null"}},"err":{"name":"error","length":114,"severity":"ERROR","code":"22P02","file":"float.c","line":"545","routine":"float8in_internal"}}}
{"level":"error","message":{"message":{"info":"addProject failed!","req":{"projectName":"fdfd","area":"34","position":"d","type":"f","beginTime":"1514736000000","hotYear":"null","coldYear":"null"}},"err":{}}}
{"level":"error","message":{"message":{"info":"addProject failed!","req":{"projectName":"fdfd","area":"34","position":"d","type":"f","beginTime":"1514736000000","hotYear":"1325347200000","coldYear":"null"}},"err":{}}}
{"level":"error","message":{"message":{"info":"getProjectALLParams failed!"},"err":{"code":"ECONNREFUSED","errno":"ECONNREFUSED","syscall":"connect","address":"127.0.0.1","port":5432}}}
{"level":"error","message":{"message":{"info":"getProjects failed!"},"err":{"code":"ECONNREFUSED","errno":"ECONNREFUSED","syscall":"connect","address":"127.0.0.1","port":5432}}}
{"level":"error","message":{"message":{"info":"getProjectAveParams failed!"},"err":{"code":"ECONNREFUSED","errno":"ECONNREFUSED","syscall":"connect","address":"127.0.0.1","port":5432}}}
{"level":"error","message":{"message":{"info":"getProjects failed!"},"err":{"code":"ECONNREFUSED","errno":"ECONNREFUSED","syscall":"connect","address":"127.0.0.1","port":5432}}}
{"level":"error","message":{"message":{"info":"getProjects failed!"},"err":{"code":"ECONNREFUSED","errno":"ECONNREFUSED","syscall":"connect","address":"127.0.0.1","port":5432}}}
{"level":"error","message":{"message":{"info":"getProjects failed!"},"err":{"code":"ECONNREFUSED","errno":"ECONNREFUSED","syscall":"connect","address":"127.0.0.1","port":5432}}}
{"level":"error","message":{"message":{"info":"getProjectAveParams failed!"},"err":{"code":"ECONNREFUSED","errno":"ECONNREFUSED","syscall":"connect","address":"127.0.0.1","port":5432}}}
{"level":"error","message":{"message":{"info":"getProjects failed!"},"err":{"code":"ECONNREFUSED","errno":"ECONNREFUSED","syscall":"connect","address":"127.0.0.1","port":5432}}}
{"level":"error","message":{"message":{"info":"getProjects failed!"},"err":{"code":"ECONNREFUSED","errno":"ECONNREFUSED","syscall":"connect","address":"127.0.0.1","port":5432}}}
{"level":"error","message":{"message":{"info":"getProjectAveParams failed!"},"err":{"code":"ECONNREFUSED","errno":"ECONNREFUSED","syscall":"connect","address":"127.0.0.1","port":5432}}}
{"level":"error","message":{"message":{"info":"getProjects failed!"},"err":{"code":"ECONNREFUSED","errno":"ECONNREFUSED","syscall":"connect","address":"127.0.0.1","port":5432}}}
{"level":"error","message":{"message":{"info":"getProjects failed!"},"err":{"code":"ECONNREFUSED","errno":"ECONNREFUSED","syscall":"connect","address":"127.0.0.1","port":5432}}}
{"level":"error","message":{"message":{"info":"getProjectAveParams failed!"},"err":{"code":"ECONNREFUSED","errno":"ECONNREFUSED","syscall":"connect","address":"127.0.0.1","port":5432}}}
{"level":"error","message":{"message":{"info":"getProjectAveParams failed!"},"err":{"code":"ECONNREFUSED","errno":"ECONNREFUSED","syscall":"connect","address":"127.0.0.1","port":5432}}}
{"level":"error","message":{"message":{"info":"getProjectInfo failed!"},"err":{"name":"error","length":93,"severity":"FATAL","code":"28P01","file":"auth.c","line":"288","routine":"auth_failed"}}}
{"level":"error","message":{"message":{"info":"getProjectAveParams failed!"},"err":{"name":"error","length":93,"severity":"FATAL","code":"28P01","file":"auth.c","line":"288","routine":"auth_failed"}}}
{"level":"error","message":{"message":{"info":"getProjects failed!"},"err":{"name":"error","length":93,"severity":"FATAL","code":"28P01","file":"auth.c","line":"288","routine":"auth_failed"}}}
{"level":"error","message":{"message":{"info":"getProjectInfo failed!"},"err":{"name":"error","length":93,"severity":"FATAL","code":"28P01","file":"auth.c","line":"288","routine":"auth_failed"}}}
{"level":"error","message":{"message":{"info":"getProjects failed!"},"err":{"name":"error","length":93,"severity":"FATAL","code":"28P01","file":"auth.c","line":"288","routine":"auth_failed"}}}
{"level":"error","message":{"message":{"info":"getProjectAveParams failed!"},"err":{"name":"error","length":93,"severity":"FATAL","code":"28P01","file":"auth.c","line":"288","routine":"auth_failed"}}}
{"level":"error","message":{"message":{"info":"getProjectInfo failed!"},"err":{"name":"error","length":93,"severity":"FATAL","code":"28P01","file":"auth.c","line":"288","routine":"auth_failed"}}}
{"level":"error","message":{"message":{"info":"getProjectAveParams failed!"},"err":{"name":"error","length":93,"severity":"FATAL","code":"28P01","file":"auth.c","line":"288","routine":"auth_failed"}}}
{"level":"error","message":{"message":{"info":"getProjectInfo failed!"},"err":{"name":"error","length":93,"severity":"FATAL","code":"28P01","file":"auth.c","line":"288","routine":"auth_failed"}}}
{"level":"error","message":{"message":{"info":"getProjectAveParams failed!"},"err":{"name":"error","length":93,"severity":"FATAL","code":"28P01","file":"auth.c","line":"288","routine":"auth_failed"}}}
{"level":"error","message":{"message":{"info":"getProjects failed!"},"err":{"name":"error","length":93,"severity":"FATAL","code":"28P01","file":"auth.c","line":"288","routine":"auth_failed"}}}
{"level":"error","message":{"message":{"info":"getProjectInfo failed!"},"err":{"name":"error","length":93,"severity":"FATAL","code":"28P01","file":"auth.c","line":"288","routine":"auth_failed"}}}
{"level":"error","message":{"message":{"info":"getProjects failed!"},"err":{"name":"error","length":93,"severity":"FATAL","code":"28P01","file":"auth.c","line":"288","routine":"auth_failed"}}}
{"level":"error","message":{"message":{"info":"getProjectAveParams failed!"},"err":{"name":"error","length":93,"severity":"FATAL","code":"28P01","file":"auth.c","line":"288","routine":"auth_failed"}}}
{"level":"error","message":{"message":{"info":"getProjectAveParams failed!"},"err":{"name":"error","length":93,"severity":"FATAL","code":"28P01","file":"auth.c","line":"288","routine":"auth_failed"}}}
{"level":"error","message":{"message":{"info":"getProjectAveParams failed!"},"err":{"name":"error","length":93,"severity":"FATAL","code":"28P01","file":"auth.c","line":"288","routine":"auth_failed"}}}
{"level":"error","message":{"message":{"info":"getProjectAveParams failed!"},"err":{"name":"error","length":93,"severity":"FATAL","code":"28P01","file":"auth.c","line":"288","routine":"auth_failed"}}}
{"level":"error","message":{"message":{"info":"getProjectAveParams failed!"},"err":{"name":"error","length":93,"severity":"FATAL","code":"28P01","file":"auth.c","line":"288","routine":"auth_failed"}}}
{"level":"error","message":{"message":{"info":"getProjectAveParams failed!"},"err":{"name":"error","length":93,"severity":"FATAL","code":"28P01","file":"auth.c","line":"288","routine":"auth_failed"}}}
{"level":"error","message":{"message":{"info":"getProjectAveParams failed!"},"err":{"name":"error","length":93,"severity":"FATAL","code":"28P01","file":"auth.c","line":"288","routine":"auth_failed"}}}
{"level":"error","message":{"message":{"info":"getProjectAveParams failed!"},"err":{"name":"error","length":93,"severity":"FATAL","code":"28P01","file":"auth.c","line":"288","routine":"auth_failed"}}}
{"level":"error","message":{"message":{"info":"getProjectAveParams failed!"},"err":{"name":"error","length":93,"severity":"FATAL","code":"28P01","file":"auth.c","line":"288","routine":"auth_failed"}}}
{"level":"error","message":{"message":{"info":"getProjectAveParams failed!"},"err":{"name":"error","length":93,"severity":"FATAL","code":"28P01","file":"auth.c","line":"288","routine":"auth_failed"}}}
{"level":"error","message":{"message":{"info":"getProjectAveParams failed!"},"err":{"name":"error","length":93,"severity":"FATAL","code":"28P01","file":"auth.c","line":"288","routine":"auth_failed"}}}
{"level":"error","message":{"message":{"info":"getProjectAveParams failed!"},"err":{"name":"error","length":93,"severity":"FATAL","code":"28P01","file":"auth.c","line":"288","routine":"auth_failed"}}}
{"level":"error","message":{"message":{"info":"getProjectAveParams failed!"},"err":{"name":"error","length":93,"severity":"FATAL","code":"28P01","file":"auth.c","line":"288","routine":"auth_failed"}}}
{"level":"error","message":{"message":{"info":"getProjectAveParams failed!"},"err":{"name":"error","length":93,"severity":"FATAL","code":"28P01","file":"auth.c","line":"288","routine":"auth_failed"}}}
{"level":"error","message":{"message":{"info":"getProjectAveParams failed!"},"err":{"name":"error","length":93,"severity":"FATAL","code":"28P01","file":"auth.c","line":"288","routine":"auth_failed"}}}
{"level":"error","message":{"message":{"info":"getProjectAveParams failed!"},"err":{"name":"error","length":93,"severity":"FATAL","code":"28P01","file":"auth.c","line":"288","routine":"auth_failed"}}}
{"level":"error","message":{"message":{"info":"getProjectAveParams failed!"},"err":{"name":"error","length":93,"severity":"FATAL","code":"28P01","file":"auth.c","line":"288","routine":"auth_failed"}}}
{"level":"error","message":{"message":{"info":"getProjectAveParams failed!"},"err":{"name":"error","length":93,"severity":"FATAL","code":"28P01","file":"auth.c","line":"288","routine":"auth_failed"}}}
{"level":"error","message":{"message":{"info":"getProjectAveParams failed!"},"err":{"name":"error","length":93,"severity":"FATAL","code":"28P01","file":"auth.c","line":"288","routine":"auth_failed"}}}
{"level":"error","message":{"message":{"info":"getProjectAveParams failed!"},"err":{"name":"error","length":93,"severity":"FATAL","code":"28P01","file":"auth.c","line":"288","routine":"auth_failed"}}}
{"level":"error","message":{"message":{"info":"getProjectAveParams failed!"},"err":{"name":"error","length":93,"severity":"FATAL","code":"28P01","file":"auth.c","line":"288","routine":"auth_failed"}}}
{"level":"error","message":{"message":{"info":"getProjectAveParams failed!"},"err":{"name":"error","length":93,"severity":"FATAL","code":"28P01","file":"auth.c","line":"288","routine":"auth_failed"}}}
{"level":"error","message":{"message":{"info":"getProjectAveParams failed!"},"err":{"name":"error","length":93,"severity":"FATAL","code":"28P01","file":"auth.c","line":"288","routine":"auth_failed"}}}
{"level":"error","message":{"message":{"info":"getProjectAveParams failed!"},"err":{"name":"error","length":93,"severity":"FATAL","code":"28P01","file":"auth.c","line":"288","routine":"auth_failed"}}}
{"level":"error","message":{"message":{"info":"getProjectAveParams failed!"},"err":{"name":"error","length":93,"severity":"FATAL","code":"28P01","file":"auth.c","line":"288","routine":"auth_failed"}}}
{"level":"error","message":{"message":{"info":"getProjectAveParams failed!"},"err":{"name":"error","length":93,"severity":"FATAL","code":"28P01","file":"auth.c","line":"288","routine":"auth_failed"}}}
{"level":"error","message":{"message":{"info":"getProjectAveParams failed!"},"err":{"name":"error","length":93,"severity":"FATAL","code":"28P01","file":"auth.c","line":"288","routine":"auth_failed"}}}
{"level":"error","message":{"message":{"info":"getProjectAveParams failed!"},"err":{"name":"error","length":93,"severity":"FATAL","code":"28P01","file":"auth.c","line":"288","routine":"auth_failed"}}}
{"level":"error","message":{"message":{"info":"getProjectAveParams failed!"},"err":{"name":"error","length":93,"severity":"FATAL","code":"28P01","file":"auth.c","line":"288","routine":"auth_failed"}}}
{"level":"error","message":{"message":{"info":"getProjectAveParams failed!"},"err":{"name":"error","length":93,"severity":"FATAL","code":"28P01","file":"auth.c","line":"288","routine":"auth_failed"}}}
{"level":"error","message":{"message":{"info":"getProjectAveParams failed!"},"err":{"name":"error","length":93,"severity":"FATAL","code":"28P01","file":"auth.c","line":"288","routine":"auth_failed"}}}
{"level":"error","message":{"message":{"info":"getProjectAveParams failed!"},"err":{"name":"error","length":93,"severity":"FATAL","code":"28P01","file":"auth.c","line":"288","routine":"auth_failed"}}}
{"level":"error","message":{"message":{"info":"getProjectAveParams failed!"},"err":{"name":"error","length":93,"severity":"FATAL","code":"28P01","file":"auth.c","line":"288","routine":"auth_failed"}}}
{"level":"error","message":{"message":{"info":"getProjectAveParams failed!"},"err":{"name":"error","length":93,"severity":"FATAL","code":"28P01","file":"auth.c","line":"288","routine":"auth_failed"}}}
{"level":"error","message":{"message":{"info":"getProjectAveParams failed!"},"err":{"name":"error","length":93,"severity":"FATAL","code":"28P01","file":"auth.c","line":"288","routine":"auth_failed"}}}
{"level":"error","message":{"message":{"info":"getProjectAveParams failed!"},"err":{"name":"error","length":93,"severity":"FATAL","code":"28P01","file":"auth.c","line":"288","routine":"auth_failed"}}}
{"level":"error","message":{"message":{"info":"getProjectAveParams failed!"},"err":{"name":"error","length":93,"severity":"FATAL","code":"28P01","file":"auth.c","line":"288","routine":"auth_failed"}}}
{"level":"error","message":{"message":{"info":"getProjectAveParams failed!"},"err":{"name":"error","length":93,"severity":"FATAL","code":"28P01","file":"auth.c","line":"288","routine":"auth_failed"}}}
{"level":"error","message":{"message":{"info":"getProjectAveParams failed!"},"err":{"name":"error","length":93,"severity":"FATAL","code":"28P01","file":"auth.c","line":"288","routine":"auth_failed"}}}
{"level":"error","message":{"message":{"info":"getProjectAveParams failed!"},"err":{"name":"error","length":93,"severity":"FATAL","code":"28P01","file":"auth.c","line":"288","routine":"auth_failed"}}}
{"level":"error","message":{"message":{"info":"getProjectAveParams failed!"},"err":{"name":"error","length":93,"severity":"FATAL","code":"28P01","file":"auth.c","line":"288","routine":"auth_failed"}}}
{"level":"error","message":{"message":{"info":"getProjectAveParams failed!"},"err":{"name":"error","length":93,"severity":"FATAL","code":"28P01","file":"auth.c","line":"288","routine":"auth_failed"}}}
{"level":"error","message":{"message":{"info":"getProjectAveParams failed!"},"err":{"name":"error","length":93,"severity":"FATAL","code":"28P01","file":"auth.c","line":"288","routine":"auth_failed"}}}
{"level":"error","message":{"message":{"info":"getProjectAveParams failed!"},"err":{"name":"error","length":93,"severity":"FATAL","code":"28P01","file":"auth.c","line":"288","routine":"auth_failed"}}}
{"level":"error","message":{"message":{"info":"getProjectAveParams failed!"},"err":{"name":"error","length":93,"severity":"FATAL","code":"28P01","file":"auth.c","line":"288","routine":"auth_failed"}}}
{"level":"error","message":{"message":{"info":"getProjectAveParams failed!"},"err":{"name":"error","length":93,"severity":"FATAL","code":"28P01","file":"auth.c","line":"288","routine":"auth_failed"}}}
{"level":"error","message":{"message":{"info":"getProjectAveParams failed!"},"err":{"name":"error","length":93,"severity":"FATAL","code":"28P01","file":"auth.c","line":"288","routine":"auth_failed"}}}
{"level":"error","message":{"message":{"info":"getProjectAveParams failed!"},"err":{"name":"error","length":93,"severity":"FATAL","code":"28P01","file":"auth.c","line":"288","routine":"auth_failed"}}}
{"level":"error","message":{"message":{"info":"getProjectAveParams failed!"},"err":{"name":"error","length":93,"severity":"FATAL","code":"28P01","file":"auth.c","line":"288","routine":"auth_failed"}}}
{"level":"error","message":{"message":{"info":"getProjectAveParams failed!"},"err":{"name":"error","length":93,"severity":"FATAL","code":"28P01","file":"auth.c","line":"288","routine":"auth_failed"}}}
{"level":"error","message":{"message":{"info":"getProjectAveParams failed!"},"err":{"name":"error","length":93,"severity":"FATAL","code":"28P01","file":"auth.c","line":"288","routine":"auth_failed"}}}
{"level":"error","message":{"message":{"info":"getProjectAveParams failed!"},"err":{"name":"error","length":93,"severity":"FATAL","code":"28P01","file":"auth.c","line":"288","routine":"auth_failed"}}}
{"level":"error","message":{"message":{"info":"getProjectAveParams failed!"},"err":{"name":"error","length":93,"severity":"FATAL","code":"28P01","file":"auth.c","line":"288","routine":"auth_failed"}}}
{"level":"error","message":{"message":{"info":"getProjects failed!"},"err":{"name":"error","length":93,"severity":"FATAL","code":"28P01","file":"auth.c","line":"288","routine":"auth_failed"}}}
{"level":"error","message":{"message":{"info":"getProjects failed!"},"err":{"name":"error","length":93,"severity":"FATAL","code":"28P01","file":"auth.c","line":"288","routine":"auth_failed"}}}
{"level":"error","message":{"message":{"info":"getProjects failed!"},"err":{"name":"error","length":93,"severity":"FATAL","code":"28P01","file":"auth.c","line":"288","routine":"auth_failed"}}}
{"level":"error","message":{"message":{"info":"getProjects failed!"},"err":{"name":"error","length":93,"severity":"FATAL","code":"28P01","file":"auth.c","line":"288","routine":"auth_failed"}}}
{"level":"error","message":{"message":{"info":"getProjects failed!"},"err":{"name":"error","length":93,"severity":"FATAL","code":"28P01","file":"auth.c","line":"288","routine":"auth_failed"}}}
{"level":"error","message":{"message":{"info":"getProjectAveParams failed!"},"err":{"name":"error","length":93,"severity":"FATAL","code":"28P01","file":"auth.c","line":"288","routine":"auth_failed"}}}
{"level":"error","message":{"message":{"info":"getProjects failed!"},"err":{"name":"error","length":93,"severity":"FATAL","code":"28P01","file":"auth.c","line":"288","routine":"auth_failed"}}}
{"level":"error","message":{"message":{"info":"getProjects failed!"},"err":{"name":"error","length":93,"severity":"FATAL","code":"28P01","file":"auth.c","line":"288","routine":"auth_failed"}}}
{"level":"error","message":{"message":{"info":"getProjects failed!"},"err":{"name":"error","length":93,"severity":"FATAL","code":"28P01","file":"auth.c","line":"288","routine":"auth_failed"}}}
{"level":"error","message":{"message":{"info":"getProjectAveParams failed!"},"err":{"name":"error","length":93,"severity":"FATAL","code":"28P01","file":"auth.c","line":"288","routine":"auth_failed"}}}
