0 info it worked if it ends with ok
1 verbose cli [ '/Users/dym/.nvm/versions/node/v6.12.2/bin/node',
1 verbose cli   '/Users/dym/.nvm/versions/node/v6.12.2/bin/npm',
1 verbose cli   'bugs',
1 verbose cli   'qiansister' ]
2 info using npm@3.10.10
3 info using node@v6.12.2
4 silly fetchPackageMetaData qiansister
5 silly fetchNamedPackageData qiansister
6 silly mapToRegistry name qiansister
7 silly mapToRegistry using default registry
8 silly mapToRegistry registry https://registry.npmjs.org/
9 silly mapToRegistry data Result {
9 silly mapToRegistry   raw: 'qiansister',
9 silly mapToRegistry   scope: null,
9 silly mapToRegistry   escapedName: 'qiansister',
9 silly mapToRegistry   name: 'qiansister',
9 silly mapToRegistry   rawSpec: '',
9 silly mapToRegistry   spec: 'latest',
9 silly mapToRegistry   type: 'tag' }
10 silly mapToRegistry uri https://registry.npmjs.org/qiansister
11 verbose request uri https://registry.npmjs.org/qiansister
12 verbose request no auth needed
13 info attempt registry request try #1 at 16:14:22
14 verbose request id e61f1e5d372cc53f
15 http request GET https://registry.npmjs.org/qiansister
16 http 404 https://registry.npmjs.org/qiansister
17 verbose headers { 'content-type': 'application/json',
17 verbose headers   'cache-control': 'max-age=0',
17 verbose headers   'content-length': '2',
17 verbose headers   'accept-ranges': 'bytes',
17 verbose headers   date: 'Thu, 04 Jan 2018 08:14:25 GMT',
17 verbose headers   via: '1.1 varnish',
17 verbose headers   connection: 'keep-alive',
17 verbose headers   'x-served-by': 'cache-hnd18721-HND',
17 verbose headers   'x-cache': 'MISS',
17 verbose headers   'x-cache-hits': '0',
17 verbose headers   'x-timer': 'S1515053664.678582,VS0,VE1527',
17 verbose headers   vary: 'Accept-Encoding' }
18 silly get cb [ 404,
18 silly get   { 'content-type': 'application/json',
18 silly get     'cache-control': 'max-age=0',
18 silly get     'content-length': '2',
18 silly get     'accept-ranges': 'bytes',
18 silly get     date: 'Thu, 04 Jan 2018 08:14:25 GMT',
18 silly get     via: '1.1 varnish',
18 silly get     connection: 'keep-alive',
18 silly get     'x-served-by': 'cache-hnd18721-HND',
18 silly get     'x-cache': 'MISS',
18 silly get     'x-cache-hits': '0',
18 silly get     'x-timer': 'S1515053664.678582,VS0,VE1527',
18 silly get     vary: 'Accept-Encoding' } ]
19 silly fetchPackageMetaData Error: Registry returned 404 for GET on https://registry.npmjs.org/qiansister
19 silly fetchPackageMetaData     at makeError (/Users/dym/.nvm/versions/node/v6.12.2/lib/node_modules/npm/node_modules/npm-registry-client/lib/request.js:302:12)
19 silly fetchPackageMetaData     at CachingRegistryClient.<anonymous> (/Users/dym/.nvm/versions/node/v6.12.2/lib/node_modules/npm/node_modules/npm-registry-client/lib/request.js:280:14)
19 silly fetchPackageMetaData     at Request._callback (/Users/dym/.nvm/versions/node/v6.12.2/lib/node_modules/npm/node_modules/npm-registry-client/lib/request.js:210:14)
19 silly fetchPackageMetaData     at Request.self.callback (/Users/dym/.nvm/versions/node/v6.12.2/lib/node_modules/npm/node_modules/request/request.js:187:22)
19 silly fetchPackageMetaData     at emitTwo (events.js:106:13)
19 silly fetchPackageMetaData     at Request.emit (events.js:191:7)
19 silly fetchPackageMetaData     at Request.<anonymous> (/Users/dym/.nvm/versions/node/v6.12.2/lib/node_modules/npm/node_modules/request/request.js:1048:10)
19 silly fetchPackageMetaData     at emitOne (events.js:96:13)
19 silly fetchPackageMetaData     at Request.emit (events.js:188:7)
19 silly fetchPackageMetaData     at IncomingMessage.<anonymous> (/Users/dym/.nvm/versions/node/v6.12.2/lib/node_modules/npm/node_modules/request/request.js:969:12)
19 silly fetchPackageMetaData  error for qiansister { Error: Registry returned 404 for GET on https://registry.npmjs.org/qiansister
19 silly fetchPackageMetaData     at makeError (/Users/dym/.nvm/versions/node/v6.12.2/lib/node_modules/npm/node_modules/npm-registry-client/lib/request.js:302:12)
19 silly fetchPackageMetaData     at CachingRegistryClient.<anonymous> (/Users/dym/.nvm/versions/node/v6.12.2/lib/node_modules/npm/node_modules/npm-registry-client/lib/request.js:280:14)
19 silly fetchPackageMetaData     at Request._callback (/Users/dym/.nvm/versions/node/v6.12.2/lib/node_modules/npm/node_modules/npm-registry-client/lib/request.js:210:14)
19 silly fetchPackageMetaData     at Request.self.callback (/Users/dym/.nvm/versions/node/v6.12.2/lib/node_modules/npm/node_modules/request/request.js:187:22)
19 silly fetchPackageMetaData     at emitTwo (events.js:106:13)
19 silly fetchPackageMetaData     at Request.emit (events.js:191:7)
19 silly fetchPackageMetaData     at Request.<anonymous> (/Users/dym/.nvm/versions/node/v6.12.2/lib/node_modules/npm/node_modules/request/request.js:1048:10)
19 silly fetchPackageMetaData     at emitOne (events.js:96:13)
19 silly fetchPackageMetaData     at Request.emit (events.js:188:7)
19 silly fetchPackageMetaData     at IncomingMessage.<anonymous> (/Users/dym/.nvm/versions/node/v6.12.2/lib/node_modules/npm/node_modules/request/request.js:969:12) pkgid: 'qiansister', statusCode: 404, code: 'E404' }
20 verbose stack Error: Registry returned 404 for GET on https://registry.npmjs.org/qiansister
20 verbose stack     at makeError (/Users/dym/.nvm/versions/node/v6.12.2/lib/node_modules/npm/node_modules/npm-registry-client/lib/request.js:302:12)
20 verbose stack     at CachingRegistryClient.<anonymous> (/Users/dym/.nvm/versions/node/v6.12.2/lib/node_modules/npm/node_modules/npm-registry-client/lib/request.js:280:14)
20 verbose stack     at Request._callback (/Users/dym/.nvm/versions/node/v6.12.2/lib/node_modules/npm/node_modules/npm-registry-client/lib/request.js:210:14)
20 verbose stack     at Request.self.callback (/Users/dym/.nvm/versions/node/v6.12.2/lib/node_modules/npm/node_modules/request/request.js:187:22)
20 verbose stack     at emitTwo (events.js:106:13)
20 verbose stack     at Request.emit (events.js:191:7)
20 verbose stack     at Request.<anonymous> (/Users/dym/.nvm/versions/node/v6.12.2/lib/node_modules/npm/node_modules/request/request.js:1048:10)
20 verbose stack     at emitOne (events.js:96:13)
20 verbose stack     at Request.emit (events.js:188:7)
20 verbose stack     at IncomingMessage.<anonymous> (/Users/dym/.nvm/versions/node/v6.12.2/lib/node_modules/npm/node_modules/request/request.js:969:12)
21 verbose statusCode 404
22 verbose pkgid qiansister
23 verbose cwd /Users/dym/Documents/SourceCode/HtmlCssJs/NodeJS/qiansister
24 error Darwin 16.7.0
25 error argv "/Users/dym/.nvm/versions/node/v6.12.2/bin/node" "/Users/dym/.nvm/versions/node/v6.12.2/bin/npm" "bugs" "qiansister"
26 error node v6.12.2
27 error npm  v3.10.10
28 error code E404
29 error 404 Registry returned 404 for GET on https://registry.npmjs.org/qiansister
30 error 404
31 error 404 'qiansister' is not in the npm registry.
32 error 404 You should bug the author to publish it (or use the name yourself!)
33 error 404 Note that you can also install from a
34 error 404 tarball, folder, http url, or git url.
35 verbose exit [ 1, true ]
